[debug] [2021-09-21T20:07:01.538Z] ----------------------------------------------------------------------
[debug] [2021-09-21T20:07:01.540Z] Command:       C:\Program Files\nodejs\node.exe C:\Users\Oahid Zihad\AppData\Roaming\npm\node_modules\firebase-tools\lib\bin\firebase.js login
[debug] [2021-09-21T20:07:01.541Z] CLI Version:   9.18.0
[debug] [2021-09-21T20:07:01.541Z] Platform:      win32
[debug] [2021-09-21T20:07:01.541Z] Node Version:  v14.15.4
[debug] [2021-09-21T20:07:01.542Z] Time:          Wed Sep 22 2021 02:07:01 GMT+0600 (Bangladesh Standard Time)
[debug] [2021-09-21T20:07:01.542Z] ----------------------------------------------------------------------
[debug] 
[debug] [2021-09-21T20:07:01.544Z] >>> [apiv2][query] GET https://firebase-public.firebaseio.com/cli.json [none]
[info] i  Firebase optionally collects CLI usage and error reporting information to help improve our products. Data is collected in accordance with Google's privacy policy (https://policies.google.com/privacy) and is not used to identify you.
 
[debug] [2021-09-21T20:07:03.047Z] <<< [apiv2][status] GET https://firebase-public.firebaseio.com/cli.json 200
[debug] [2021-09-21T20:07:03.047Z] <<< [apiv2][body] GET https://firebase-public.firebaseio.com/cli.json {"cloudBuildErrorAfter":1594252800000,"cloudBuildWarnAfter":1590019200000,"defaultNode10After":1594252800000,"minVersion":"3.0.5","node8DeploysDisabledAfter":1613390400000,"node8RuntimeDisabledAfter":1615809600000,"node8WarnAfter":1600128000000}
[info] i  To change your data collection preference at any time, run `firebase logout` and log in again. 
[info] 
[info] Visit this URL on this device to log in:
[info] https://accounts.google.com/o/oauth2/auth?client_id=563584335869-fgrhgmd47bqnekij5i8b5pr03ho849e6.apps.googleusercontent.com&scope=email%20openid%20https%3A%2F%2Fwww.googleapis.com%2Fauth%2Fcloudplatformprojects.readonly%20https%3A%2F%2Fwww.googleapis.com%2Fauth%2Ffirebase%20https%3A%2F%2Fwww.googleapis.com%2Fauth%2Fcloud-platform&response_type=code&state=423074680&redirect_uri=http%3A%2F%2Flocalhost%3A9005
[info] 
[info] Waiting for authentication...
[debug] [2021-09-21T20:11:27.463Z] ----------------------------------------------------------------------
[debug] [2021-09-21T20:11:27.466Z] Command:       C:\Program Files\nodejs\node.exe C:\Users\Oahid Zihad\AppData\Roaming\npm\node_modules\firebase-tools\lib\bin\firebase.js login
[debug] [2021-09-21T20:11:27.466Z] CLI Version:   9.18.0
[debug] [2021-09-21T20:11:27.466Z] Platform:      win32
[debug] [2021-09-21T20:11:27.466Z] Node Version:  v14.15.4
[debug] [2021-09-21T20:11:27.467Z] Time:          Wed Sep 22 2021 02:11:27 GMT+0600 (Bangladesh Standard Time)
[debug] [2021-09-21T20:11:27.468Z] ----------------------------------------------------------------------
[debug] 
[info] i  Firebase optionally collects CLI usage and error reporting information to help improve our products. Data is collected in accordance with Google's privacy policy (https://policies.google.com/privacy) and is not used to identify you.
 
[info] i  To change your data collection preference at any time, run `firebase logout` and log in again. 
[info] 
[info] Visit this URL on this device to log in:
[info] https://accounts.google.com/o/oauth2/auth?client_id=563584335869-fgrhgmd47bqnekij5i8b5pr03ho849e6.apps.googleusercontent.com&scope=email%20openid%20https%3A%2F%2Fwww.googleapis.com%2Fauth%2Fcloudplatformprojects.readonly%20https%3A%2F%2Fwww.googleapis.com%2Fauth%2Ffirebase%20https%3A%2F%2Fwww.googleapis.com%2Fauth%2Fcloud-platform&response_type=code&state=516715477&redirect_uri=http%3A%2F%2Flocalhost%3A9005
[info] 
[info] Waiting for authentication...
